PRE GRIDSEARCH _____________
TRAIN
MSE     MAE      R2
0.1513  0.3129  0.7652
VAL
MSE     MAE      R2
0.1543  0.3165  0.7625
TEST
MSE     MAE      R2
0.1443  0.3076  0.7703
POST GRIDSEARCH _____________
TRAIN
MSE    MAE      R2
0.1398  0.3035  0.783
VAL
MSE     MAE      R2
0.1329  0.2966  0.7954
TEST
MSE    MAE      R2
0.1362  0.301  0.7833
PRE GRIDSEARCH _____________
TRAIN
MSE     MAE      R2
0.1407  0.2989  0.6723
VAL
MSE     MAE      R2
0.1453  0.3064  0.6669
TEST
MSE     MAE      R2
0.1458  0.2946  0.6732
POST GRIDSEARCH _____________
TRAIN
MSE     MAE      R2
0.1346  0.2945  0.6867
VAL
 MSE     MAE    R2
0.1436  0.3063  0.671
TEST
MSE     MAE      R2
0.142  0.2918  0.6816
PRE GRIDSEARCH _____________
TRAIN
MSE     MAE      R2
0.153  0.3123  0.6879
VAL
MSE     MAE      R2
0.1567  0.3273  0.7147
TEST
MSE     MAE      R2
0.1267  0.2828  0.7485
POST GRIDSEARCH _____________
TRAIN
MSE     MAE      R2
0.1296  0.2901  0.7355
VAL
MSE     MAE      R2
0.1392  0.3062  0.7466
TEST
MSE     MAE      R2
0.1142  0.2707  0.7731
PRE GRIDSEARCH _____________
TRAIN
MSE     MAE      R2
0.1183  0.2794  0.8164
VAL
MSE    MAE      R2
 0.1533  0.319  0.764
 TEST
MSE     MAE    R2
0.1567  0.3175  0.744
POST GRIDSEARCH _____________
TRAIN
MSE     MAE      R2
0.1059  0.2628  0.8357
VAL
 MSE     MAE    R2
0.1403  0.3065  0.784
TEST
MSE     MAE      R2
0.1426  0.3058  0.7671
PRE GRIDSEARCH _____________
TRAIN
MSE     MAE      R2
0.117  0.2701  0.7277
VAL
MSE     MAE    R2
 0.1614  0.3236  0.63
 TEST
MSE     MAE    R2
0.1569  0.3028  0.636
POST GRIDSEARCH _____________
TRAIN
MSE     MAE      R2
0.1038  0.2558  0.7584
VAL
MSE     MAE      R2
0.1432  0.3013  0.6718
TEST
MSE     MAE      R2
0.1323  0.2776  0.6932
PRE GRIDSEARCH _____________
TRAIN
MSE     MAE      R2
0.1155  0.2686  0.7644
VAL
 MSE     MAE    R2
0.1664  0.3306  0.697
TEST
MSE     MAE      R2
0.1467  0.3042  0.7058
POST GRIDSEARCH _____________
TRAIN
MSE     MAE      R2
0.1049  0.2603  0.7861
VAL
MSE     MAE      R2
0.1444  0.3066  0.7372
TEST
MSE     MAE      R2
0.133  0.2886  0.7332 