PRE GRIDSEARCH _____________
TRAIN
      MSE     MAE     R2
0  0.1244  0.2808  0.807
VAL
     MSE     MAE      R2
0  0.128  0.2919  0.8029
TEST
      MSE     MAE      R2
0  0.1274  0.2907  0.7973
POST GRIDSEARCH _____________
TRAIN
      MSE     MAE      R2
0  0.1254  0.2804  0.8055
VAL
      MSE    MAE      R2
0  0.1295  0.292  0.8007
TEST
      MSE     MAE      R2
0  0.1289  0.2916  0.7948
PRE GRIDSEARCH _____________
TRAIN
      MSE     MAE      R2
0  0.1206  0.2781  0.7191
VAL
      MSE     MAE      R2
0  0.1232  0.2824  0.7176
TEST
      MSE    MAE      R2
0  0.1338  0.286  0.7001
POST GRIDSEARCH _____________
TRAIN
      MSE     MAE      R2
0  0.1206  0.2779  0.7191
VAL
      MSE     MAE      R2
0  0.1233  0.2823  0.7173
TEST
      MSE     MAE      R2
0  0.1336  0.2855  0.7006
PRE GRIDSEARCH _____________
TRAIN
      MSE     MAE      R2
0  0.1245  0.2846  0.7459
VAL
      MSE    MAE      R2
0  0.1284  0.294  0.7661
TEST
      MSE     MAE      R2
0  0.1066  0.2597  0.7883
POST GRIDSEARCH _____________
TRAIN
      MSE    MAE      R2
0  0.1245  0.285  0.7461
VAL
      MSE     MAE      R2
0  0.1271  0.2914  0.7686
TEST
      MSE     MAE      R2
0  0.1063  0.2586  0.7889
PRE GRIDSEARCH _____________
TRAIN
      MSE     MAE      R2
0  0.1088  0.2525  0.8311
VAL
      MSE     MAE      R2
0  0.1485  0.3164  0.7714
TEST
      MSE     MAE      R2
0  0.1449  0.3067  0.7634
POST GRIDSEARCH _____________
TRAIN
      MSE     MAE      R2
0  0.1173  0.2658  0.8179
VAL
     MSE     MAE      R2
0  0.134  0.2972  0.7937
TEST
      MSE     MAE      R2
0  0.1357  0.3023  0.7784
PRE GRIDSEARCH _____________
TRAIN
      MSE     MAE      R2
0  0.1034  0.2475  0.7593
VAL
     MSE     MAE      R2
0  0.149  0.3094  0.6586
TEST
    MSE     MAE      R2
0  0.13  0.2697  0.6984
POST GRIDSEARCH _____________
TRAIN
      MSE     MAE      R2
0  0.1145  0.2608  0.7333
VAL
      MSE    MAE      R2
0  0.1339  0.296  0.6931
TEST
      MSE     MAE      R2
0  0.1183  0.2564  0.7255
PRE GRIDSEARCH _____________
TRAIN
      MSE     MAE      R2
0  0.1057  0.2534  0.7843
VAL
      MSE     MAE      R2
0  0.1481  0.3129  0.7303
TEST
      MSE     MAE      R2
0  0.1302  0.2786  0.7389
POST GRIDSEARCH _____________
TRAIN
      MSE     MAE      R2
0  0.1179  0.2693  0.7595
VAL
     MSE     MAE      R2
0  0.135  0.2992  0.7541
TEST
      MSE     MAE      R2
0  0.1187  0.2718  0.7618
